2022-05-25 08:04:08,343 INFO o.a.j.u.JMeterUtils: Setting Locale to en_EN
2022-05-25 08:04:08,351 INFO o.a.j.JMeter: Loading user properties from: C:\Users\carlos.murillos\Downloads\apache-jmeter-5.4.3\bin\user.properties
2022-05-25 08:04:08,352 INFO o.a.j.JMeter: Loading system properties from: C:\Users\carlos.murillos\Downloads\apache-jmeter-5.4.3\bin\system.properties
2022-05-25 08:04:08,352 INFO o.a.j.JMeter: Setting JMeter property: URL=ec2-3-19-237-162.us-east-2.compute.amazonaws.com
2022-05-25 08:04:08,352 INFO o.a.j.JMeter: Setting JMeter property: port=8080
2022-05-25 08:04:08,352 INFO o.a.j.JMeter: Setting JMeter property: endpoint=/add
2022-05-25 08:04:08,352 INFO o.a.j.JMeter: Setting JMeter property: threads=500
2022-05-25 08:04:08,352 INFO o.a.j.JMeter: Setting JMeter property: rampUp=60
2022-05-25 08:04:08,352 INFO o.a.j.JMeter: Setting JMeter property: iterations=1
2022-05-25 08:04:08,352 INFO o.a.j.JMeter: Setting JMeter property: method=POST
2022-05-25 08:04:08,352 INFO o.a.j.JMeter: Setting JMeter property: body={"a": 10, "b": 5}
2022-05-25 08:04:08,357 INFO o.a.j.JMeter: Copyright (c) 1998-2021 The Apache Software Foundation
2022-05-25 08:04:08,357 INFO o.a.j.JMeter: Version 5.4.3
2022-05-25 08:04:08,357 INFO o.a.j.JMeter: java.version=1.8.0_333
2022-05-25 08:04:08,357 INFO o.a.j.JMeter: java.vm.name=Java HotSpot(TM) Client VM
2022-05-25 08:04:08,357 INFO o.a.j.JMeter: os.name=Windows 10
2022-05-25 08:04:08,357 INFO o.a.j.JMeter: os.arch=x86
2022-05-25 08:04:08,357 INFO o.a.j.JMeter: os.version=10.0
2022-05-25 08:04:08,357 INFO o.a.j.JMeter: file.encoding=Cp1252
2022-05-25 08:04:08,357 INFO o.a.j.JMeter: java.awt.headless=true
2022-05-25 08:04:08,357 INFO o.a.j.JMeter: Max memory     =1073741824
2022-05-25 08:04:08,357 INFO o.a.j.JMeter: Available Processors =16
2022-05-25 08:04:08,360 INFO o.a.j.JMeter: Default Locale=English (EN)
2022-05-25 08:04:08,360 INFO o.a.j.JMeter: JMeter  Locale=English (EN)
2022-05-25 08:04:08,360 INFO o.a.j.JMeter: JMeterHome=C:\Users\carlos.murillos\Downloads\apache-jmeter-5.4.3
2022-05-25 08:04:08,360 INFO o.a.j.JMeter: user.dir  =C:\Users\carlos.murillos\Desktop\TestingJmeterScript
2022-05-25 08:04:08,360 INFO o.a.j.JMeter: PWD       =C:\Users\carlos.murillos\Desktop\TestingJmeterScript
2022-05-25 08:04:08,390 INFO o.a.j.JMeter: IP: 192.168.56.1 Name: COL-4H61GG3 FullName: COL-4H61GG3.perficient.com
2022-05-25 08:04:08,393 INFO o.a.j.s.FileServer: Default base='C:\Users\carlos.murillos\Desktop\TestingJmeterScript'
2022-05-25 08:04:08,393 INFO o.a.j.s.FileServer: Set new base='C:\Users\carlos.murillos\Desktop\TestingJmeterScript'
2022-05-25 08:04:08,459 INFO o.a.j.s.SaveService: Testplan (JMX) version: 2.2. Testlog (JTL) version: 2.2
2022-05-25 08:04:08,479 INFO o.a.j.s.SaveService: Using SaveService properties file encoding UTF-8
2022-05-25 08:04:08,482 INFO o.a.j.s.SaveService: Using SaveService properties version 5.0
2022-05-25 08:04:08,485 INFO o.a.j.s.SaveService: Loading file: script1.jmx
2022-05-25 08:04:08,515 INFO o.a.j.p.h.s.HTTPSamplerBase: Parser for text/html is org.apache.jmeter.protocol.http.parser.LagartoBasedHtmlParser
2022-05-25 08:04:08,515 INFO o.a.j.p.h.s.HTTPSamplerBase: Parser for application/xhtml+xml is org.apache.jmeter.protocol.http.parser.LagartoBasedHtmlParser
2022-05-25 08:04:08,515 INFO o.a.j.p.h.s.HTTPSamplerBase: Parser for application/xml is org.apache.jmeter.protocol.http.parser.LagartoBasedHtmlParser
2022-05-25 08:04:08,515 INFO o.a.j.p.h.s.HTTPSamplerBase: Parser for text/xml is org.apache.jmeter.protocol.http.parser.LagartoBasedHtmlParser
2022-05-25 08:04:08,515 INFO o.a.j.p.h.s.HTTPSamplerBase: Parser for text/vnd.wap.wml is org.apache.jmeter.protocol.http.parser.RegexpHTMLParser
2022-05-25 08:04:08,515 INFO o.a.j.p.h.s.HTTPSamplerBase: Parser for text/css is org.apache.jmeter.protocol.http.parser.CssParser
2022-05-25 08:04:08,530 INFO o.a.j.JMeter: Creating summariser <summary>
2022-05-25 08:04:08,533 INFO o.a.j.e.StandardJMeterEngine: Running the test!
2022-05-25 08:04:08,534 INFO o.a.j.s.SampleEvent: List of sample_variables: []
2022-05-25 08:04:08,534 INFO o.a.j.s.SampleEvent: List of sample_variables: []
2022-05-25 08:04:08,538 INFO o.a.j.e.u.CompoundVariable: Note: Function class names must contain the string: '.functions.'
2022-05-25 08:04:08,538 INFO o.a.j.e.u.CompoundVariable: Note: Function class names must not contain the string: '.gui.'
2022-05-25 08:04:08,706 INFO o.a.j.JMeter: Running test (1653483848706)
2022-05-25 08:04:08,725 INFO o.a.j.e.StandardJMeterEngine: Starting ThreadGroup: 1 : Thread Group
2022-05-25 08:04:08,725 INFO o.a.j.e.StandardJMeterEngine: Starting 500 threads for group Thread Group.
2022-05-25 08:04:08,725 INFO o.a.j.e.StandardJMeterEngine: Thread will continue on error
2022-05-25 08:04:08,725 INFO o.a.j.t.ThreadGroup: Starting thread group... number=1 threads=500 ramp-up=60 delayedStart=false
2022-05-25 08:04:08,729 INFO o.a.j.t.JMeterThread: Thread started: Thread Group 1-1
2022-05-25 08:04:08,741 INFO o.a.j.p.h.s.HTTPHCAbstractImpl: Local host = COL-4H61GG3
2022-05-25 08:04:08,745 INFO o.a.j.p.h.s.HTTPHC4Impl: HTTP request retry count = 0
2022-05-25 08:04:08,746 INFO o.a.j.s.SampleResult: Note: Sample TimeStamps are START times
2022-05-25 08:04:08,746 INFO o.a.j.s.SampleResult: sampleresult.default.encoding is set to ISO-8859-1
2022-05-25 08:04:08,746 INFO o.a.j.s.SampleResult: sampleresult.useNanoTime=true
2022-05-25 08:04:08,746 INFO o.a.j.s.SampleResult: sampleresult.nanoThreadSleep=5000
2022-05-25 08:04:08,791 INFO o.a.j.t.ThreadGroup: Started thread group number 1
2022-05-25 08:04:08,792 INFO o.a.j.e.StandardJMeterEngine: All thread groups have been started
2022-05-25 08:04:08,848 INFO o.a.j.t.JMeterThread: Thread started: Thread Group 1-2
2022-05-25 08:04:08,968 INFO o.a.j.t.JMeterThread: Thread started: Thread Group 1-3
2022-05-25 08:04:09,087 INFO o.a.j.t.JMeterThread: Thread started: Thread Group 1-4
2022-05-25 08:04:09,206 INFO o.a.j.t.JMeterThread: Thread started: Thread Group 1-5
2022-05-25 08:04:09,236 INFO o.a.j.r.ResultCollector: Shutdown hook started
2022-05-25 08:04:09,237 INFO o.a.j.r.ResultCollector: Shutdown hook ended
